Using pre-set license
Built from '2020.3/staging' branch; Version is '2020.3.4f1 (0abb6314276a) revision 703331'; Using compiler version '192528614'; Build Type 'Release'
OS: 'Windows 10 Home; OS build 19042.928; Version 2009; 64bit' Language: 'en' Physical Memory: 16318 MB
BatchMode: 1, IsHumanControllingUs: 0, StartBugReporterOnCrash: 0, Is64bit: 1, IsPro: 0

 COMMAND LINE ARGUMENTS:
C:\Program Files\Unity Builds\2020.3.4f1\Editor\Unity.exe
-adb2
-batchMode
-noUpm
-name
AssetImportWorker0
-projectPath
C:/Repos/Unity3D/Gabe's Boilerplate 3D URP
-logFile
Logs/AssetImportWorker0.log
-srvPort
58677
Successfully changed project path to: C:/Repos/Unity3D/Gabe's Boilerplate 3D URP
C:/Repos/Unity3D/Gabe's Boilerplate 3D URP
Using Asset Import Pipeline V2.
Refreshing native plugins compatible for Editor in 169.44 ms, found 0 plugins.
Preloading 0 native plugins for Editor in 0.00 ms.
Initialize engine version: 2020.3.4f1 (0abb6314276a)
[Subsystems] Discovering subsystems at path C:/Program Files/Unity Builds/2020.3.4f1/Editor/Data/Resources/UnitySubsystems
[Subsystems] Discovering subsystems at path C:/Repos/Unity3D/Gabe's Boilerplate 3D URP/Assets
GfxDevice: creating device client; threaded=0
Direct3D:
    Version:  Direct3D 11.0 [level 11.1]
    Renderer: NVIDIA GeForce GTX 1660 Ti (ID=0x2182)
    Vendor:   
    VRAM:     5991 MB
    Driver:   27.21.14.6627
Initialize mono
Mono path[0] = 'C:/Program Files/Unity Builds/2020.3.4f1/Editor/Data/Managed'
Mono path[1] = 'C:/Program Files/Unity Builds/2020.3.4f1/Editor/Data/MonoBleedingEdge/lib/mono/unityjit'
Mono config path = 'C:/Program Files/Unity Builds/2020.3.4f1/Editor/Data/MonoBleedingEdge/etc'
Using monoOptions --debugger-agent=transport=dt_socket,embedding=1,server=y,suspend=n,address=127.0.0.1:56124
Begin MonoManager ReloadAssembly
Registering precompiled unity dll's ...
Register platform support module: C:/Program Files/Unity Builds/2020.3.4f1/Editor/Data/PlaybackEngines/WebGLSupport/UnityEditor.WebGL.Extensions.dll
Register platform support module: C:/Program Files/Unity Builds/2020.3.4f1/Editor/Data/PlaybackEngines/WindowsStandaloneSupport/UnityEditor.WindowsStandalone.Extensions.dll
Registered in 0.002785 seconds.
Native extension for WindowsStandalone target not found
Native extension for WebGL target not found
Refreshing native plugins compatible for Editor in 41.80 ms, found 0 plugins.
Preloading 0 native plugins for Editor in 0.00 ms.
Mono: successfully reloaded assembly
- Completed reload, in  2.579 seconds
Platform modules already initialized, skipping
Registering precompiled user dll's ...
Registered in 0.001708 seconds.
Begin MonoManager ReloadAssembly
Native extension for WindowsStandalone target not found
Native extension for WebGL target not found
Refreshing native plugins compatible for Editor in 42.14 ms, found 0 plugins.
Preloading 0 native plugins for Editor in 0.00 ms.
Mono: successfully reloaded assembly
- Completed reload, in  0.992 seconds
Platform modules already initialized, skipping
========================================================================
Worker process is ready to serve import requests
Shader 'Universal Render Pipeline/Particles/Lit': fallback shader 'Universal Render Pipeline/Particles/SimpleLit' not found
Shader 'Universal Render Pipeline/Particles/Lit': fallback shader 'Universal Render Pipeline/Particles/SimpleLit' not found
Launched and connected shader compiler UnityShaderCompiler.exe after 0.06 seconds
Refreshing native plugins compatible for Editor in 0.42 ms, found 0 plugins.
Preloading 0 native plugins for Editor in 0.00 ms.
Unloading 2421 Unused Serialized files (Serialized files now loaded: 0)
System memory in use before: 113.3 MB.
System memory in use after: 110.5 MB.

Unloading 45 unused Assets to reduce memory usage. Loaded Objects now: 2827.
Total: 4.120900 ms (FindLiveObjects: 0.401300 ms CreateObjectMapping: 0.212200 ms MarkObjects: 2.051800 ms  DeleteObjects: 1.453400 ms)

AssetImportParameters requested are different than current active one (requested -> active):
  requireTextureImportCompression: false -> true
========================================================================
Received Import Request.
  path: Assets/Readme.asset
  artifactKey: Guid(83c2ed844a8c74b779a4c823d16594b1) Importer(815301076,1909f56bfc062723c751e8b465ee728b)
Start importing Assets/Readme.asset using Guid(83c2ed844a8c74b779a4c823d16594b1) Importer(815301076,1909f56bfc062723c751e8b465ee728b)  -> (artifact id: '6bae6031c3a27c632e83ff632957e097') in 0.064469 seconds
  Import took 0.068191 seconds .

========================================================================
Received Import Request.
  Time since last request: 21.673408 seconds.
  path: Assets/_Game Name
  artifactKey: Guid(9cde12f1563261944b7177be917a24d2) Importer(815301076,1909f56bfc062723c751e8b465ee728b)
Start importing Assets/_Game Name using Guid(9cde12f1563261944b7177be917a24d2) Importer(815301076,1909f56bfc062723c751e8b465ee728b)  -> (artifact id: 'acc33b89bb944fdd6ed4e649efc9c9b0') in 1.299555 seconds
  Import took 1.795987 seconds .

========================================================================
Received Import Request.
  Time since last request: 4.843564 seconds.
  path: Assets/Presets
  artifactKey: Guid(558255460b74ec04fa70b5570e9327bd) Importer(815301076,1909f56bfc062723c751e8b465ee728b)
Start importing Assets/Presets using Guid(558255460b74ec04fa70b5570e9327bd) Importer(815301076,1909f56bfc062723c751e8b465ee728b)  -> (artifact id: 'e79404c5a8563a8088e10e3c7f2b4d6a') in 0.023983 seconds
  Import took 0.027219 seconds .

========================================================================
Received Import Request.
  Time since last request: 2.770576 seconds.
  path: Assets/Scenes
  artifactKey: Guid(dc268a5cdeb58c2478e9e801b30f4869) Importer(815301076,1909f56bfc062723c751e8b465ee728b)
Start importing Assets/Scenes using Guid(dc268a5cdeb58c2478e9e801b30f4869) Importer(815301076,1909f56bfc062723c751e8b465ee728b)  -> (artifact id: '9f96fb59f2ffe3be000a60e6f736fabe') in 0.023915 seconds
  Import took 0.027401 seconds .

========================================================================
Received Import Request.
  Time since last request: 1.552269 seconds.
  path: Assets/Scripts
  artifactKey: Guid(02a3527b6b33a924e8ec66aa805ea717) Importer(815301076,1909f56bfc062723c751e8b465ee728b)
Start importing Assets/Scripts using Guid(02a3527b6b33a924e8ec66aa805ea717) Importer(815301076,1909f56bfc062723c751e8b465ee728b)  -> (artifact id: 'e770a7108101aab76c292659c82131fc') in 0.023613 seconds
  Import took 0.027087 seconds .

========================================================================
Received Import Request.
  Time since last request: 1.336417 seconds.
  path: Assets/Settings
  artifactKey: Guid(0735c275001a2c84dafdb30deced5d8d) Importer(815301076,1909f56bfc062723c751e8b465ee728b)
Start importing Assets/Settings using Guid(0735c275001a2c84dafdb30deced5d8d) Importer(815301076,1909f56bfc062723c751e8b465ee728b)  -> (artifact id: '274111cf9c5f9365010686d903885c62') in 0.023666 seconds
  Import took 0.027306 seconds .

========================================================================
Received Import Request.
  Time since last request: 2.121039 seconds.
  path: Assets/TutorialInfo
  artifactKey: Guid(49110bb8dcada46328ad741970bce702) Importer(815301076,1909f56bfc062723c751e8b465ee728b)
Start importing Assets/TutorialInfo using Guid(49110bb8dcada46328ad741970bce702) Importer(815301076,1909f56bfc062723c751e8b465ee728b)  -> (artifact id: '3d8b53df4a5692681a9d322299b69d1a') in 0.023799 seconds
  Import took 0.027530 seconds .

========================================================================
Received Import Request.
  Time since last request: 12.672674 seconds.
  path: Assets/TutorialInfo/Icons
  artifactKey: Guid(8a0c9218a650547d98138cd835033977) Importer(815301076,1909f56bfc062723c751e8b465ee728b)
Start importing Assets/TutorialInfo/Icons using Guid(8a0c9218a650547d98138cd835033977) Importer(815301076,1909f56bfc062723c751e8b465ee728b)  -> (artifact id: 'abfe1bad23449c766d1831ead35ec50b') in 0.023779 seconds
  Import took 0.027061 seconds .

========================================================================
Received Import Request.
  Time since last request: 0.640831 seconds.
  path: Assets/TutorialInfo/Scripts
  artifactKey: Guid(5a9bcd70e6a4b4b05badaa72e827d8e0) Importer(815301076,1909f56bfc062723c751e8b465ee728b)
Start importing Assets/TutorialInfo/Scripts using Guid(5a9bcd70e6a4b4b05badaa72e827d8e0) Importer(815301076,1909f56bfc062723c751e8b465ee728b)  -> (artifact id: '5cf77cadd503c88d071ea564959b345c') in 0.022226 seconds
  Import took 0.025914 seconds .

========================================================================
Received Import Request.
  Time since last request: 0.772600 seconds.
  path: Assets/TutorialInfo/Scripts/Editor
  artifactKey: Guid(3ad9b87dffba344c89909c6d1b1c17e1) Importer(815301076,1909f56bfc062723c751e8b465ee728b)
Start importing Assets/TutorialInfo/Scripts/Editor using Guid(3ad9b87dffba344c89909c6d1b1c17e1) Importer(815301076,1909f56bfc062723c751e8b465ee728b)  -> (artifact id: 'dd7250ed3d187401d3d26d0c8a36206d') in 0.023034 seconds
  Import took 0.029096 seconds .

========================================================================
Received Import Request.
  Time since last request: 34.153482 seconds.
  path: Assets/URP Project Default Assets
  artifactKey: Guid(250f86228408cbb4dbeb0b5f43a0804b) Importer(815301076,1909f56bfc062723c751e8b465ee728b)
Start importing Assets/URP Project Default Assets using Guid(250f86228408cbb4dbeb0b5f43a0804b) Importer(815301076,1909f56bfc062723c751e8b465ee728b)  -> (artifact id: '58f5e675df83e62574a76793dfce31ac') in 0.023902 seconds
  Import took 0.027807 seconds .

========================================================================
Received Import Request.
  Time since last request: 5.312711 seconds.
  path: Assets/Materials
  artifactKey: Guid(d0234ba368eeec9418390da711bfdad0) Importer(815301076,1909f56bfc062723c751e8b465ee728b)
Start importing Assets/Materials using Guid(d0234ba368eeec9418390da711bfdad0) Importer(815301076,1909f56bfc062723c751e8b465ee728b)  -> (artifact id: '95c27122429fe0f26703070d8b30c3ee') in 0.024292 seconds
  Import took 0.027823 seconds .

========================================================================
Received Import Request.
  Time since last request: 0.000221 seconds.
  path: Assets/Materials
  artifactKey: Guid(d0234ba368eeec9418390da711bfdad0) Importer(815301076,1909f56bfc062723c751e8b465ee728b)
Start importing Assets/Materials using Guid(d0234ba368eeec9418390da711bfdad0) Importer(815301076,1909f56bfc062723c751e8b465ee728b)  -> (artifact id: '95c27122429fe0f26703070d8b30c3ee') in 0.024092 seconds
  Import took 0.027316 seconds .

========================================================================
Received Import Request.
  Time since last request: 0.694974 seconds.
  path: Assets/ExampleAssets
  artifactKey: Guid(990f5c2df70993f4987a388ca178996a) Importer(815301076,1909f56bfc062723c751e8b465ee728b)
Start importing Assets/ExampleAssets using Guid(990f5c2df70993f4987a388ca178996a) Importer(815301076,1909f56bfc062723c751e8b465ee728b)  -> (artifact id: 'cf64619f1e8d9491992decd5e53f9e9f') in 0.024864 seconds
  Import took 0.028819 seconds .

========================================================================
Received Prepare
Registering precompiled user dll's ...
Registered in 0.001334 seconds.
Begin MonoManager ReloadAssembly
Native extension for WindowsStandalone target not found
Native extension for WebGL target not found
Refreshing native plugins compatible for Editor in 0.38 ms, found 0 plugins.
Preloading 0 native plugins for Editor in 0.00 ms.
Mono: successfully reloaded assembly
- Completed reload, in  0.893 seconds
Platform modules already initialized, skipping
Shader 'Universal Render Pipeline/Particles/Lit': fallback shader 'Universal Render Pipeline/Particles/SimpleLit' not found
Shader 'Universal Render Pipeline/Particles/Lit': fallback shader 'Universal Render Pipeline/Particles/SimpleLit' not found
Refreshing native plugins compatible for Editor in 0.41 ms, found 0 plugins.
Preloading 0 native plugins for Editor in 0.00 ms.
Unloading 2346 Unused Serialized files (Serialized files now loaded: 0)
System memory in use before: 109.7 MB.
System memory in use after: 107.0 MB.

Unloading 40 unused Assets to reduce memory usage. Loaded Objects now: 2830.
Total: 3.197800 ms (FindLiveObjects: 0.227500 ms CreateObjectMapping: 0.113400 ms MarkObjects: 1.604900 ms  DeleteObjects: 1.251100 ms)

AssetImportParameters requested are different than current active one (requested -> active):
  requireTextureImportCompression: false -> true
========================================================================
Received Import Request.
  Time since last request: 13.680340 seconds.
  path: Assets/zURP Project Default Assets
  artifactKey: Guid(250f86228408cbb4dbeb0b5f43a0804b) Importer(815301076,1909f56bfc062723c751e8b465ee728b)
Start importing Assets/zURP Project Default Assets using Guid(250f86228408cbb4dbeb0b5f43a0804b) Importer(815301076,1909f56bfc062723c751e8b465ee728b)  -> (artifact id: '6e8e51de632aee373ceac0fd10662cb2') in 0.031540 seconds
  Import took 0.035725 seconds .

========================================================================
Received Prepare
Registering precompiled user dll's ...
Registered in 0.001396 seconds.
Begin MonoManager ReloadAssembly
Native extension for WindowsStandalone target not found
Native extension for WebGL target not found
Refreshing native plugins compatible for Editor in 0.46 ms, found 0 plugins.
Preloading 0 native plugins for Editor in 0.00 ms.
Mono: successfully reloaded assembly
- Completed reload, in  0.888 seconds
Platform modules already initialized, skipping
Shader 'Universal Render Pipeline/Particles/Lit': fallback shader 'Universal Render Pipeline/Particles/SimpleLit' not found
Shader 'Universal Render Pipeline/Particles/Lit': fallback shader 'Universal Render Pipeline/Particles/SimpleLit' not found
Refreshing native plugins compatible for Editor in 0.39 ms, found 0 plugins.
Preloading 0 native plugins for Editor in 0.00 ms.
Unloading 2346 Unused Serialized files (Serialized files now loaded: 0)
System memory in use before: 109.8 MB.
System memory in use after: 107.0 MB.

Unloading 40 unused Assets to reduce memory usage. Loaded Objects now: 2833.
Total: 3.640100 ms (FindLiveObjects: 0.404400 ms CreateObjectMapping: 0.150300 ms MarkObjects: 1.780500 ms  DeleteObjects: 1.303600 ms)

AssetImportParameters requested are different than current active one (requested -> active):
  requireTextureImportCompression: false -> true
========================================================================
Received Import Request.
  Time since last request: 4.477403 seconds.
  path: Assets
  artifactKey: Guid(00000000000000001000000000000000) Importer(815301076,1909f56bfc062723c751e8b465ee728b)
Start importing Assets using Guid(00000000000000001000000000000000) Importer(815301076,1909f56bfc062723c751e8b465ee728b)  -> (artifact id: '025e4f587c23674256bb898581e82961') in 0.026164 seconds
  Import took 0.029611 seconds .

========================================================================
Received Import Request.
  Time since last request: 5.655898 seconds.
  path: Assets/_Game Name/Scripts
  artifactKey: Guid(f220acd93e04c1449bcf5ca88a0f80e3) Importer(815301076,1909f56bfc062723c751e8b465ee728b)
Start importing Assets/_Game Name/Scripts using Guid(f220acd93e04c1449bcf5ca88a0f80e3) Importer(815301076,1909f56bfc062723c751e8b465ee728b)  -> (artifact id: 'cd881950772b2b6a9df47502fb0ad6e8') in 0.022253 seconds
  Import took 0.025944 seconds .

========================================================================
Received Import Request.
  Time since last request: 3.190352 seconds.
  path: Assets/_Game Name/Materials
  artifactKey: Guid(8e2a8a25761949a4d899883c63deda93) Importer(815301076,1909f56bfc062723c751e8b465ee728b)
Start importing Assets/_Game Name/Materials using Guid(8e2a8a25761949a4d899883c63deda93) Importer(815301076,1909f56bfc062723c751e8b465ee728b)  -> (artifact id: '10832ce30ec2367be582414eb1753dfc') in 0.022940 seconds
  Import took 0.026507 seconds .

========================================================================
Received Import Request.
  Time since last request: 4.107015 seconds.
  path: Assets/_Game Name/Models
  artifactKey: Guid(9b184a1e3279a9544aefecd145bc0ac2) Importer(815301076,1909f56bfc062723c751e8b465ee728b)
Start importing Assets/_Game Name/Models using Guid(9b184a1e3279a9544aefecd145bc0ac2) Importer(815301076,1909f56bfc062723c751e8b465ee728b)  -> (artifact id: '5aed972c9c659db4d835fb3245d94af1') in 0.023921 seconds
  Import took 0.027184 seconds .

========================================================================
Received Import Request.
  Time since last request: 2.706715 seconds.
  path: Assets/_Game Name/Prefabs
  artifactKey: Guid(555a1caf2d1cce8409576bb2deabde40) Importer(815301076,1909f56bfc062723c751e8b465ee728b)
Start importing Assets/_Game Name/Prefabs using Guid(555a1caf2d1cce8409576bb2deabde40) Importer(815301076,1909f56bfc062723c751e8b465ee728b)  -> (artifact id: 'c2134e5a384f98ae2f224d8e04eeaf5e') in 0.023552 seconds
  Import took 0.027498 seconds .

========================================================================
Received Import Request.
  Time since last request: 12.378041 seconds.
  path: Assets/_Game Name/Animators and Animations
  artifactKey: Guid(2eda3dcb5893f7e4e98e71deae768405) Importer(815301076,1909f56bfc062723c751e8b465ee728b)
Start importing Assets/_Game Name/Animators and Animations using Guid(2eda3dcb5893f7e4e98e71deae768405) Importer(815301076,1909f56bfc062723c751e8b465ee728b)  -> (artifact id: '5a5742058cd8ee0ea195c1e2b8077053') in 0.024317 seconds
  Import took 0.027908 seconds .

========================================================================
Received Import Request.
  Time since last request: 10.018127 seconds.
  path: Assets/_Game Name/Sprites
  artifactKey: Guid(999eb53027747204b89456acdf6534a4) Importer(815301076,1909f56bfc062723c751e8b465ee728b)
Start importing Assets/_Game Name/Sprites using Guid(999eb53027747204b89456acdf6534a4) Importer(815301076,1909f56bfc062723c751e8b465ee728b)  -> (artifact id: '894c4c3c34e3f2e005866d487b6c4eb8') in 0.024272 seconds
  Import took 0.028009 seconds .

========================================================================
Received Import Request.
  Time since last request: 29.877179 seconds.
  path: Assets/_Game Name/Sound Effects
  artifactKey: Guid(761aa78748dea734daac7a56963685fc) Importer(815301076,1909f56bfc062723c751e8b465ee728b)
Start importing Assets/_Game Name/Sound Effects using Guid(761aa78748dea734daac7a56963685fc) Importer(815301076,1909f56bfc062723c751e8b465ee728b)  -> (artifact id: '8b32e748dc4aba099007f86b5b03dc3c') in 0.024627 seconds
  Import took 0.028681 seconds .

========================================================================
Received Import Request.
  Time since last request: 3.952439 seconds.
  path: Assets/_Game Name/Music
  artifactKey: Guid(4aa91d6ffca119d40b411308dd0bec3e) Importer(815301076,1909f56bfc062723c751e8b465ee728b)
Start importing Assets/_Game Name/Music using Guid(4aa91d6ffca119d40b411308dd0bec3e) Importer(815301076,1909f56bfc062723c751e8b465ee728b)  -> (artifact id: '0fae124b6a9c34989da77d774feb231c') in 0.025122 seconds
  Import took 0.028367 seconds .

========================================================================
Received Import Request.
  Time since last request: 7.358133 seconds.
  path: Assets/_Game Name/Fonts
  artifactKey: Guid(8702aa0b78c60a44e9d1b1f1cb5cee41) Importer(815301076,1909f56bfc062723c751e8b465ee728b)
Start importing Assets/_Game Name/Fonts using Guid(8702aa0b78c60a44e9d1b1f1cb5cee41) Importer(815301076,1909f56bfc062723c751e8b465ee728b)  -> (artifact id: '91f54e11acf27a8b49ccf96c58de7292') in 0.023817 seconds
  Import took 0.027134 seconds .

========================================================================
Received Import Request.
  Time since last request: 5.834779 seconds.
  path: Assets/_Game Name/Scenes
  artifactKey: Guid(f6d60428ec5e01e408b04886477fa22a) Importer(815301076,1909f56bfc062723c751e8b465ee728b)
Start importing Assets/_Game Name/Scenes using Guid(f6d60428ec5e01e408b04886477fa22a) Importer(815301076,1909f56bfc062723c751e8b465ee728b)  -> (artifact id: '0f2bcf2292a8c4a2830c1618ffbf0740') in 0.022383 seconds
  Import took 0.025768 seconds .

========================================================================
Received Import Request.
  Time since last request: 5.388688 seconds.
  path: Assets/_Game Name/Resources
  artifactKey: Guid(b629a09e60ab15844bc82dea4378a481) Importer(815301076,1909f56bfc062723c751e8b465ee728b)
Start importing Assets/_Game Name/Resources using Guid(b629a09e60ab15844bc82dea4378a481) Importer(815301076,1909f56bfc062723c751e8b465ee728b)  -> (artifact id: 'ab46052c670670da754c28fec874100d') in 0.024702 seconds
  Import took 0.028494 seconds .

========================================================================
Received Import Request.
  Time since last request: 226.451405 seconds.
  path: Assets/_Game Name/Useful Extra Packages
  artifactKey: Guid(bd800a770f5788248b46e21890ef1e85) Importer(815301076,1909f56bfc062723c751e8b465ee728b)
Start importing Assets/_Game Name/Useful Extra Packages using Guid(bd800a770f5788248b46e21890ef1e85) Importer(815301076,1909f56bfc062723c751e8b465ee728b)  -> (artifact id: 'f702f3ed05a72dabe2f76348744117aa') in 0.024068 seconds
  Import took 0.027379 seconds .

========================================================================
Received Import Request.
  Time since last request: 2.199910 seconds.
  path: Assets/_Game Name/Useful Packages
  artifactKey: Guid(bd800a770f5788248b46e21890ef1e85) Importer(815301076,1909f56bfc062723c751e8b465ee728b)
Start importing Assets/_Game Name/Useful Packages using Guid(bd800a770f5788248b46e21890ef1e85) Importer(815301076,1909f56bfc062723c751e8b465ee728b)  -> (artifact id: '417886448c7e0e8852c6d2de80226657') in 0.024203 seconds
  Import took 0.027595 seconds .

AssetImportWorkerClient::OnTransportError - code=2 error=End of file
